<?xml version="1.0" encoding="UTF-8"?>
<!-- Generated by org.testng.reporters.JUnitReportReporter -->
<testsuite hostname="LENOVO" name="unicodeTech.TestSuiteB.SelectSpecificProduct" tests="1" failures="0" timestamp="24 Oct 2021 05:51:36 GMT" time="5.650" errors="0">
  <testcase name="testSelectSpecificProduct" time="5.650" classname="unicodeTech.TestSuiteB.SelectSpecificProduct"/>
</testsuite> <!-- unicodeTech.TestSuiteB.SelectSpecificProduct -->
