<?xml version="1.0" encoding="UTF-8"?>
<!-- Generated by org.testng.reporters.JUnitReportReporter -->
<testsuite hostname="LENOVO" name="unicodeTech.TestSuiteB.SearchProduct" tests="5" failures="0" timestamp="24 Oct 2021 05:51:36 GMT" time="31.195" errors="0">
  <testcase name="testSearchProduct" time="6.388" classname="unicodeTech.TestSuiteB.SearchProduct"/>
  <testcase name="testSearchProduct" time="6.625" classname="unicodeTech.TestSuiteB.SearchProduct"/>
  <testcase name="testSearchProduct" time="5.203" classname="unicodeTech.TestSuiteB.SearchProduct"/>
  <testcase name="testSearchProduct" time="6.709" classname="unicodeTech.TestSuiteB.SearchProduct"/>
  <testcase name="testSearchProduct" time="6.270" classname="unicodeTech.TestSuiteB.SearchProduct"/>
</testsuite> <!-- unicodeTech.TestSuiteB.SearchProduct -->
