<?xml version="1.0" encoding="UTF-8"?>
<!-- Generated by org.testng.reporters.JUnitReportReporter -->
<testsuite hostname="LENOVO" name="unicodeTech.TestSuiteB.NewProductLinks" tests="1" failures="0" timestamp="24 Oct 2021 05:51:36 GMT" time="3.085" errors="0">
  <testcase name="testNewProductLinks" time="3.085" classname="unicodeTech.TestSuiteB.NewProductLinks"/>
</testsuite> <!-- unicodeTech.TestSuiteB.NewProductLinks -->
