<?xml version="1.0" encoding="UTF-8"?>
<!-- Generated by org.testng.reporters.JUnitReportReporter -->
<testsuite hostname="LENOVO" name="unicodeTech.TestSuiteA.BestsellerLinks" tests="1" failures="0" timestamp="24 Oct 2021 05:51:36 GMT" time="104.371" errors="0">
  <testcase name="testBestsellerLinks" time="104.371" classname="unicodeTech.TestSuiteA.BestsellerLinks"/>
</testsuite> <!-- unicodeTech.TestSuiteA.BestsellerLinks -->
